10:07:36:953  INFO 33292 --- [main] com.hmall.pay.PayApplication             : Starting PayApplication using Java 17.0.8 on VizziniTX3 with PID 33292 (F:\Project03\hmall\pay-service\target\classes started by 10951 in F:\Project03\hmall)
10:07:36:957 DEBUG 33292 --- [main] com.hmall.pay.PayApplication             : Running with Spring Boot v2.7.12, Spring v5.3.27
10:07:36:957  INFO 33292 --- [main] com.hmall.pay.PayApplication             : The following 1 profile is active: "local"
10:07:37:667  INFO 33292 --- [main] o.s.cloud.context.scope.GenericScope     : BeanFactory id=f4189078-6c26-32e2-8989-552f40c97c57
10:07:38:036  INFO 33292 --- [main] o.s.b.w.embedded.tomcat.TomcatWebServer  : Tomcat initialized with port(s): 8086 (http)
10:07:38:044  INFO 33292 --- [main] o.apache.catalina.core.StandardService   : Starting service [Tomcat]
10:07:38:044  INFO 33292 --- [main] org.apache.catalina.core.StandardEngine  : Starting Servlet engine: [Apache Tomcat/9.0.75]
10:07:38:146  INFO 33292 --- [main] o.a.c.c.C.[Tomcat].[localhost].[/]       : Initializing Spring embedded WebApplicationContext
10:07:38:148  INFO 33292 --- [main] w.s.c.ServletWebServerApplicationContext : Root WebApplicationContext: initialization completed in 1150 ms
10:07:38:297  INFO 33292 --- [main] o.s.c.openfeign.FeignClientFactoryBean   : For 'user-service' URL not provided. Will try picking an instance via load-balancing.
10:07:38:330  INFO 33292 --- [main] o.s.c.openfeign.FeignClientFactoryBean   : For 'trade-service' URL not provided. Will try picking an instance via load-balancing.
10:07:39:028  INFO 33292 --- [main] pertySourcedRequestMappingHandlerMapping : Mapped URL path [/v2/api-docs] onto method [springfox.documentation.swagger2.web.Swagger2ControllerWebMvc#getDocumentation(String, HttpServletRequest)]
10:07:39:303  INFO 33292 --- [main] com.alibaba.nacos.common.remote.client   : [RpcClientFactory] create a new rpc client of 4acbc4d6-e775-4bf9-880a-3ab4199ddad4
10:07:39:348  INFO 33292 --- [main] org.reflections.Reflections              : Reflections took 17 ms to scan 1 urls, producing 3 keys and 6 values 
10:07:39:369  INFO 33292 --- [main] org.reflections.Reflections              : Reflections took 7 ms to scan 1 urls, producing 4 keys and 9 values 
10:07:39:374  INFO 33292 --- [main] org.reflections.Reflections              : Reflections took 4 ms to scan 1 urls, producing 3 keys and 10 values 
10:07:39:375  WARN 33292 --- [main] org.reflections.Reflections              : given scan urls are empty. set urls in the configuration
10:07:39:380  INFO 33292 --- [main] org.reflections.Reflections              : Reflections took 5 ms to scan 1 urls, producing 1 keys and 5 values 
10:07:39:384  INFO 33292 --- [main] org.reflections.Reflections              : Reflections took 3 ms to scan 1 urls, producing 1 keys and 7 values 
10:07:39:390  INFO 33292 --- [main] org.reflections.Reflections              : Reflections took 5 ms to scan 1 urls, producing 2 keys and 8 values 
10:07:39:391  WARN 33292 --- [main] org.reflections.Reflections              : given scan urls are empty. set urls in the configuration
10:07:39:391  INFO 33292 --- [main] com.alibaba.nacos.common.remote.client   : [4acbc4d6-e775-4bf9-880a-3ab4199ddad4] RpcClient init label, labels = {module=naming, source=sdk}
10:07:39:393  INFO 33292 --- [main] com.alibaba.nacos.common.remote.client   : [4acbc4d6-e775-4bf9-880a-3ab4199ddad4] RpcClient init, ServerListFactory = com.alibaba.nacos.client.naming.core.ServerListManager
10:07:39:393  INFO 33292 --- [main] com.alibaba.nacos.common.remote.client   : [4acbc4d6-e775-4bf9-880a-3ab4199ddad4] Registry connection listener to current client:com.alibaba.nacos.client.naming.remote.gprc.redo.NamingGrpcRedoService
10:07:39:393  INFO 33292 --- [main] com.alibaba.nacos.common.remote.client   : [4acbc4d6-e775-4bf9-880a-3ab4199ddad4] Register server push request handler:com.alibaba.nacos.client.naming.remote.gprc.NamingPushRequestHandler
10:07:39:395  INFO 33292 --- [main] com.alibaba.nacos.common.remote.client   : [4acbc4d6-e775-4bf9-880a-3ab4199ddad4] Try to connect to server on start up, server: {serverIp = '192.168.232.136', server main port = 8848}
10:07:40:214  INFO 33292 --- [main] com.alibaba.nacos.common.remote.client   : [4acbc4d6-e775-4bf9-880a-3ab4199ddad4] Success to connect to server [192.168.232.136:8848] on start up, connectionId = 1729822060243_192.168.232.1_58370
10:07:40:214  INFO 33292 --- [com.alibaba.nacos.client.remote.worker] com.alibaba.nacos.common.remote.client   : [4acbc4d6-e775-4bf9-880a-3ab4199ddad4] Notify connected event to listeners.
10:07:40:215  INFO 33292 --- [main] com.alibaba.nacos.common.remote.client   : [4acbc4d6-e775-4bf9-880a-3ab4199ddad4] Register server push request handler:com.alibaba.nacos.common.remote.client.RpcClient$ConnectResetRequestHandler
10:07:40:215  INFO 33292 --- [main] com.alibaba.nacos.common.remote.client   : [4acbc4d6-e775-4bf9-880a-3ab4199ddad4] Register server push request handler:com.alibaba.nacos.common.remote.client.RpcClient$$Lambda$990/0x000001a29e7b2918
10:07:40:261  INFO 33292 --- [main] o.s.b.w.embedded.tomcat.TomcatWebServer  : Tomcat started on port(s): 8086 (http) with context path ''
10:07:40:269  INFO 33292 --- [main] c.a.c.n.registry.NacosServiceRegistry    : nacos registry, DEFAULT_GROUP pay-service 192.168.214.1:8086 register finished
10:07:40:400  INFO 33292 --- [main] d.s.w.p.DocumentationPluginsBootstrapper : Documentation plugins bootstrapped
10:07:40:402  INFO 33292 --- [main] d.s.w.p.DocumentationPluginsBootstrapper : Found 1 custom documentation plugin(s)
10:07:40:419  INFO 33292 --- [main] s.d.s.w.s.ApiListingReferenceScanner     : Scanning for api listing references
10:07:40:477  INFO 33292 --- [main] com.hmall.pay.PayApplication             : Started PayApplication in 4.084 seconds (JVM running for 4.53)
10:07:40:817  INFO 33292 --- [nacos-grpc-client-executor-9] com.alibaba.nacos.common.remote.client   : [4acbc4d6-e775-4bf9-880a-3ab4199ddad4] Receive server push request, request = NotifySubscriberRequest, requestId = 173
10:07:40:827  INFO 33292 --- [nacos-grpc-client-executor-9] com.alibaba.nacos.common.remote.client   : [4acbc4d6-e775-4bf9-880a-3ab4199ddad4] Ack server push request, request = NotifySubscriberRequest, requestId = 173
10:50:23:439  WARN 33292 --- [Thread-4] c.a.nacos.common.notify.NotifyCenter     : [NotifyCenter] Start destroying Publisher
10:50:23:439  WARN 33292 --- [Thread-7] c.a.n.common.http.HttpClientBeanHolder   : [HttpClientBeanHolder] Start destroying common HttpClient
10:50:23:443  WARN 33292 --- [Thread-4] c.a.nacos.common.notify.NotifyCenter     : [NotifyCenter] Destruction of the end
10:50:23:445  WARN 33292 --- [Thread-7] c.a.n.common.http.HttpClientBeanHolder   : [HttpClientBeanHolder] Destruction of the end
10:50:23:521  INFO 33292 --- [SpringApplicationShutdownHook] c.a.c.n.registry.NacosServiceRegistry    : De-registering from Nacos Server now...
10:50:23:524  INFO 33292 --- [SpringApplicationShutdownHook] c.a.c.n.registry.NacosServiceRegistry    : De-registration finished.
10:50:23:843  INFO 33292 --- [SpringApplicationShutdownHook] com.alibaba.nacos.common.remote.client   : Shutdown rpc client, set status to shutdown
10:50:23:843  INFO 33292 --- [SpringApplicationShutdownHook] com.alibaba.nacos.common.remote.client   : Shutdown client event executor java.util.concurrent.ScheduledThreadPoolExecutor@4ad41f70[Running, pool size = 2, active threads = 2, queued tasks = 0, completed tasks = 0]
10:50:23:843  INFO 33292 --- [SpringApplicationShutdownHook] com.alibaba.nacos.common.remote.client   : Close current connection 1729822060243_192.168.232.1_58370
10:50:23:845  INFO 33292 --- [nacos-grpc-client-executor-535] c.a.n.c.remote.client.grpc.GrpcClient    : [1729822060243_192.168.232.1_58370]Ignore complete event,isRunning:false,isAbandon=false
10:50:23:848  INFO 33292 --- [SpringApplicationShutdownHook] c.a.n.c.remote.client.grpc.GrpcClient    : Shutdown grpc executor java.util.concurrent.ThreadPoolExecutor@5956a43b[Running, pool size = 5, active threads = 0, queued tasks = 0, completed tasks = 536]
10:55:54:492  INFO 33920 --- [main] com.hmall.pay.PayApplication             : Starting PayApplication using Java 17.0.8 on VizziniTX3 with PID 33920 (F:\Project03\hmall\pay-service\target\classes started by 10951 in F:\Project03\hmall)
10:55:54:494 DEBUG 33920 --- [main] com.hmall.pay.PayApplication             : Running with Spring Boot v2.7.12, Spring v5.3.27
10:55:54:494  INFO 33920 --- [main] com.hmall.pay.PayApplication             : The following 1 profile is active: "local"
10:55:55:161  INFO 33920 --- [main] o.s.cloud.context.scope.GenericScope     : BeanFactory id=f4189078-6c26-32e2-8989-552f40c97c57
10:55:55:474  INFO 33920 --- [main] o.s.b.w.embedded.tomcat.TomcatWebServer  : Tomcat initialized with port(s): 8086 (http)
10:55:55:482  INFO 33920 --- [main] o.apache.catalina.core.StandardService   : Starting service [Tomcat]
10:55:55:482  INFO 33920 --- [main] org.apache.catalina.core.StandardEngine  : Starting Servlet engine: [Apache Tomcat/9.0.75]
10:55:55:600  INFO 33920 --- [main] o.a.c.c.C.[Tomcat].[localhost].[/]       : Initializing Spring embedded WebApplicationContext
10:55:55:600  INFO 33920 --- [main] w.s.c.ServletWebServerApplicationContext : Root WebApplicationContext: initialization completed in 1072 ms
10:55:55:768  INFO 33920 --- [main] o.s.c.openfeign.FeignClientFactoryBean   : For 'user-service' URL not provided. Will try picking an instance via load-balancing.
10:55:55:819  INFO 33920 --- [main] o.s.c.openfeign.FeignClientFactoryBean   : For 'trade-service' URL not provided. Will try picking an instance via load-balancing.
10:55:56:581  INFO 33920 --- [main] pertySourcedRequestMappingHandlerMapping : Mapped URL path [/v2/api-docs] onto method [springfox.documentation.swagger2.web.Swagger2ControllerWebMvc#getDocumentation(String, HttpServletRequest)]
10:55:56:919  INFO 33920 --- [main] com.alibaba.nacos.common.remote.client   : [RpcClientFactory] create a new rpc client of 80b81195-31f3-4bc0-bc05-87dd4211d43f
10:55:56:971  INFO 33920 --- [main] org.reflections.Reflections              : Reflections took 27 ms to scan 1 urls, producing 3 keys and 6 values 
10:55:56:989  INFO 33920 --- [main] org.reflections.Reflections              : Reflections took 6 ms to scan 1 urls, producing 4 keys and 9 values 
10:55:56:995  INFO 33920 --- [main] org.reflections.Reflections              : Reflections took 5 ms to scan 1 urls, producing 3 keys and 10 values 
10:55:56:996  WARN 33920 --- [main] org.reflections.Reflections              : given scan urls are empty. set urls in the configuration
10:55:57:001  INFO 33920 --- [main] org.reflections.Reflections              : Reflections took 4 ms to scan 1 urls, producing 1 keys and 5 values 
10:55:57:006  INFO 33920 --- [main] org.reflections.Reflections              : Reflections took 3 ms to scan 1 urls, producing 1 keys and 7 values 
10:55:57:012  INFO 33920 --- [main] org.reflections.Reflections              : Reflections took 4 ms to scan 1 urls, producing 2 keys and 8 values 
10:55:57:014  WARN 33920 --- [main] org.reflections.Reflections              : given scan urls are empty. set urls in the configuration
10:55:57:014  INFO 33920 --- [main] com.alibaba.nacos.common.remote.client   : [80b81195-31f3-4bc0-bc05-87dd4211d43f] RpcClient init label, labels = {module=naming, source=sdk}
10:55:57:015  INFO 33920 --- [main] com.alibaba.nacos.common.remote.client   : [80b81195-31f3-4bc0-bc05-87dd4211d43f] RpcClient init, ServerListFactory = com.alibaba.nacos.client.naming.core.ServerListManager
10:55:57:015  INFO 33920 --- [main] com.alibaba.nacos.common.remote.client   : [80b81195-31f3-4bc0-bc05-87dd4211d43f] Registry connection listener to current client:com.alibaba.nacos.client.naming.remote.gprc.redo.NamingGrpcRedoService
10:55:57:017  INFO 33920 --- [main] com.alibaba.nacos.common.remote.client   : [80b81195-31f3-4bc0-bc05-87dd4211d43f] Register server push request handler:com.alibaba.nacos.client.naming.remote.gprc.NamingPushRequestHandler
10:55:57:018  INFO 33920 --- [main] com.alibaba.nacos.common.remote.client   : [80b81195-31f3-4bc0-bc05-87dd4211d43f] Try to connect to server on start up, server: {serverIp = '192.168.232.136', server main port = 8848}
10:55:58:209  INFO 33920 --- [main] com.alibaba.nacos.common.remote.client   : [80b81195-31f3-4bc0-bc05-87dd4211d43f] Success to connect to server [192.168.232.136:8848] on start up, connectionId = 1729824958259_192.168.232.1_62534
10:55:58:209  INFO 33920 --- [com.alibaba.nacos.client.remote.worker] com.alibaba.nacos.common.remote.client   : [80b81195-31f3-4bc0-bc05-87dd4211d43f] Notify connected event to listeners.
10:55:58:209  INFO 33920 --- [main] com.alibaba.nacos.common.remote.client   : [80b81195-31f3-4bc0-bc05-87dd4211d43f] Register server push request handler:com.alibaba.nacos.common.remote.client.RpcClient$ConnectResetRequestHandler
10:55:58:211  INFO 33920 --- [main] com.alibaba.nacos.common.remote.client   : [80b81195-31f3-4bc0-bc05-87dd4211d43f] Register server push request handler:com.alibaba.nacos.common.remote.client.RpcClient$$Lambda$990/0x000002344a7a21c0
10:55:58:255  INFO 33920 --- [main] o.s.b.w.embedded.tomcat.TomcatWebServer  : Tomcat started on port(s): 8086 (http) with context path ''
10:55:58:261  INFO 33920 --- [main] c.a.c.n.registry.NacosServiceRegistry    : nacos registry, DEFAULT_GROUP pay-service 192.168.214.1:8086 register finished
10:55:58:404  INFO 33920 --- [main] d.s.w.p.DocumentationPluginsBootstrapper : Documentation plugins bootstrapped
10:55:58:405  INFO 33920 --- [main] d.s.w.p.DocumentationPluginsBootstrapper : Found 1 custom documentation plugin(s)
10:55:58:421  INFO 33920 --- [main] s.d.s.w.s.ApiListingReferenceScanner     : Scanning for api listing references
10:55:58:478  INFO 33920 --- [main] com.hmall.pay.PayApplication             : Started PayApplication in 4.456 seconds (JVM running for 4.904)
10:55:58:829  INFO 33920 --- [nacos-grpc-client-executor-9] com.alibaba.nacos.common.remote.client   : [80b81195-31f3-4bc0-bc05-87dd4211d43f] Receive server push request, request = NotifySubscriberRequest, requestId = 181
10:55:58:841  INFO 33920 --- [nacos-grpc-client-executor-9] com.alibaba.nacos.common.remote.client   : [80b81195-31f3-4bc0-bc05-87dd4211d43f] Ack server push request, request = NotifySubscriberRequest, requestId = 181
11:12:10:147  INFO 33920 --- [http-nio-8086-exec-1] o.a.c.c.C.[Tomcat].[localhost].[/]       : Initializing Spring DispatcherServlet 'dispatcherServlet'
11:12:10:149  INFO 33920 --- [http-nio-8086-exec-1] o.s.web.servlet.DispatcherServlet        : Initializing Servlet 'dispatcherServlet'
11:12:10:157  INFO 33920 --- [http-nio-8086-exec-1] o.s.web.servlet.DispatcherServlet        : Completed initialization in 8 ms
11:12:10:265  INFO 33920 --- [http-nio-8086-exec-1] com.zaxxer.hikari.HikariDataSource       : HikariPool-1 - Starting...
11:12:10:464  INFO 33920 --- [http-nio-8086-exec-1] com.zaxxer.hikari.HikariDataSource       : HikariPool-1 - Start completed.
11:12:10:470 DEBUG 33920 --- [http-nio-8086-exec-1] c.h.pay.mapper.PayOrderMapper.selectOne  : ==>  Preparing: SELECT id,biz_order_no,pay_order_no,biz_user_id,pay_channel_code,amount,pay_type,status,expand_json,result_code,result_msg,pay_success_time,pay_over_time,qr_code_url,create_time,update_time,creater,updater,is_delete FROM pay_order WHERE (biz_order_no = ?)
11:12:10:487 DEBUG 33920 --- [http-nio-8086-exec-1] c.h.pay.mapper.PayOrderMapper.selectOne  : ==> Parameters: 1849650127096209410(Long)
11:12:10:510 DEBUG 33920 --- [http-nio-8086-exec-1] c.h.pay.mapper.PayOrderMapper.selectOne  : <==      Total: 0
11:12:10:542 DEBUG 33920 --- [http-nio-8086-exec-1] c.h.pay.mapper.PayOrderMapper.insert     : ==>  Preparing: INSERT INTO pay_order ( id, biz_order_no, pay_order_no, biz_user_id, pay_channel_code, amount, pay_type, status, pay_over_time ) VALUES ( ?, ?, ?, ?, ?, ?, ?, ?, ? )
11:12:10:544 DEBUG 33920 --- [http-nio-8086-exec-1] c.h.pay.mapper.PayOrderMapper.insert     : ==> Parameters: 1849650130220998659(Long), 1849650127096209410(Long), 1849650130220998658(Long), 1(Long), balance(String), 41500(Integer), 5(Integer), 1(Integer), 2024-10-25T13:12:10.538370900(LocalDateTime)
11:12:10:549 DEBUG 33920 --- [http-nio-8086-exec-1] c.h.pay.mapper.PayOrderMapper.insert     : <==    Updates: 1
11:12:13:091 DEBUG 33920 --- [http-nio-8086-exec-2] c.h.p.mapper.PayOrderMapper.selectById   : ==>  Preparing: SELECT id,biz_order_no,pay_order_no,biz_user_id,pay_channel_code,amount,pay_type,status,expand_json,result_code,result_msg,pay_success_time,pay_over_time,qr_code_url,create_time,update_time,creater,updater,is_delete FROM pay_order WHERE id=?
11:12:13:092 DEBUG 33920 --- [http-nio-8086-exec-2] c.h.p.mapper.PayOrderMapper.selectById   : ==> Parameters: 1849650130220998659(Long)
11:12:13:102 DEBUG 33920 --- [http-nio-8086-exec-2] c.h.p.mapper.PayOrderMapper.selectById   : <==      Total: 1
11:12:13:104 DEBUG 33920 --- [http-nio-8086-exec-2] com.hmall.api.client.UserClient          : [UserClient#deductMoney] ---> PUT http://user-service/users/money/deduct?pw=123&amount=41500 HTTP/1.1
11:12:13:104 DEBUG 33920 --- [http-nio-8086-exec-2] com.hmall.api.client.UserClient          : [UserClient#deductMoney] user-info: 1
11:12:13:104 DEBUG 33920 --- [http-nio-8086-exec-2] com.hmall.api.client.UserClient          : [UserClient#deductMoney] ---> END HTTP (0-byte body)
11:12:13:250 DEBUG 33920 --- [http-nio-8086-exec-2] com.hmall.api.client.UserClient          : [UserClient#deductMoney] <--- HTTP/1.1 200 (145ms)
11:12:13:250 DEBUG 33920 --- [http-nio-8086-exec-2] com.hmall.api.client.UserClient          : [UserClient#deductMoney] connection: keep-alive
11:12:13:250 DEBUG 33920 --- [http-nio-8086-exec-2] com.hmall.api.client.UserClient          : [UserClient#deductMoney] content-length: 0
11:12:13:250 DEBUG 33920 --- [http-nio-8086-exec-2] com.hmall.api.client.UserClient          : [UserClient#deductMoney] date: Fri, 25 Oct 2024 03:12:13 GMT
11:12:13:250 DEBUG 33920 --- [http-nio-8086-exec-2] com.hmall.api.client.UserClient          : [UserClient#deductMoney] keep-alive: timeout=60
11:12:13:250 DEBUG 33920 --- [http-nio-8086-exec-2] com.hmall.api.client.UserClient          : [UserClient#deductMoney] 
11:12:13:250 DEBUG 33920 --- [http-nio-8086-exec-2] com.hmall.api.client.UserClient          : [UserClient#deductMoney] <--- END HTTP (0-byte body)
11:12:13:254 DEBUG 33920 --- [http-nio-8086-exec-2] c.h.pay.mapper.PayOrderMapper.update     : ==>  Preparing: UPDATE pay_order SET status=?,pay_success_time=? WHERE (id = ? AND status IN (?,?))
11:12:13:255 DEBUG 33920 --- [http-nio-8086-exec-2] c.h.pay.mapper.PayOrderMapper.update     : ==> Parameters: 3(Integer), 2024-10-25T11:12:13.250089400(LocalDateTime), 1849650130220998659(Long), 0(Integer), 1(Integer)
11:12:13:256 DEBUG 33920 --- [http-nio-8086-exec-2] c.h.pay.mapper.PayOrderMapper.update     : <==    Updates: 1
11:12:13:258 DEBUG 33920 --- [http-nio-8086-exec-2] com.hmall.api.client.TradeClient         : [TradeClient#markOrderPaySuccess] ---> PUT http://trade-service/orders/1849650127096209410 HTTP/1.1
11:12:13:258 DEBUG 33920 --- [http-nio-8086-exec-2] com.hmall.api.client.TradeClient         : [TradeClient#markOrderPaySuccess] user-info: 1
11:12:13:258 DEBUG 33920 --- [http-nio-8086-exec-2] com.hmall.api.client.TradeClient         : [TradeClient#markOrderPaySuccess] ---> END HTTP (0-byte body)
11:12:13:291 DEBUG 33920 --- [http-nio-8086-exec-2] com.hmall.api.client.TradeClient         : [TradeClient#markOrderPaySuccess] <--- HTTP/1.1 200 (33ms)
11:12:13:292 DEBUG 33920 --- [http-nio-8086-exec-2] com.hmall.api.client.TradeClient         : [TradeClient#markOrderPaySuccess] connection: keep-alive
11:12:13:292 DEBUG 33920 --- [http-nio-8086-exec-2] com.hmall.api.client.TradeClient         : [TradeClient#markOrderPaySuccess] content-length: 0
11:12:13:292 DEBUG 33920 --- [http-nio-8086-exec-2] com.hmall.api.client.TradeClient         : [TradeClient#markOrderPaySuccess] date: Fri, 25 Oct 2024 03:12:13 GMT
11:12:13:292 DEBUG 33920 --- [http-nio-8086-exec-2] com.hmall.api.client.TradeClient         : [TradeClient#markOrderPaySuccess] keep-alive: timeout=60
11:12:13:292 DEBUG 33920 --- [http-nio-8086-exec-2] com.hmall.api.client.TradeClient         : [TradeClient#markOrderPaySuccess] 
11:12:13:292 DEBUG 33920 --- [http-nio-8086-exec-2] com.hmall.api.client.TradeClient         : [TradeClient#markOrderPaySuccess] <--- END HTTP (0-byte body)
11:12:13:731  INFO 33920 --- [nacos-grpc-client-executor-216] com.alibaba.nacos.common.remote.client   : [80b81195-31f3-4bc0-bc05-87dd4211d43f] Receive server push request, request = NotifySubscriberRequest, requestId = 191
11:12:13:731  INFO 33920 --- [nacos-grpc-client-executor-216] com.alibaba.nacos.common.remote.client   : [80b81195-31f3-4bc0-bc05-87dd4211d43f] Ack server push request, request = NotifySubscriberRequest, requestId = 191
11:12:13:840  INFO 33920 --- [nacos-grpc-client-executor-217] com.alibaba.nacos.common.remote.client   : [80b81195-31f3-4bc0-bc05-87dd4211d43f] Receive server push request, request = NotifySubscriberRequest, requestId = 192
11:12:13:840  INFO 33920 --- [nacos-grpc-client-executor-217] com.alibaba.nacos.common.remote.client   : [80b81195-31f3-4bc0-bc05-87dd4211d43f] Ack server push request, request = NotifySubscriberRequest, requestId = 192
