14:36:26:161  INFO 47952 --- [main] com.hmall.trade.TradeApplication         : Starting TradeApplication using Java 17.0.8 on VizziniTX3 with PID 47952 (F:\Project03\hmall\trade-service\target\classes started by 10951 in F:\Project03\hmall)
14:36:26:163 DEBUG 47952 --- [main] com.hmall.trade.TradeApplication         : Running with Spring Boot v2.7.12, Spring v5.3.27
14:36:26:163  INFO 47952 --- [main] com.hmall.trade.TradeApplication         : The following 1 profile is active: "dev"
14:36:26:811  INFO 47952 --- [main] o.s.cloud.context.scope.GenericScope     : BeanFactory id=7883d704-ff32-3aac-aba7-c23bd4b47995
14:36:27:088  INFO 47952 --- [main] o.s.b.w.embedded.tomcat.TomcatWebServer  : Tomcat initialized with port(s): 8085 (http)
14:36:27:095  INFO 47952 --- [main] o.apache.catalina.core.StandardService   : Starting service [Tomcat]
14:36:27:095  INFO 47952 --- [main] org.apache.catalina.core.StandardEngine  : Starting Servlet engine: [Apache Tomcat/9.0.75]
14:36:27:188  INFO 47952 --- [main] o.a.c.c.C.[Tomcat].[localhost].[/]       : Initializing Spring embedded WebApplicationContext
14:36:27:188  INFO 47952 --- [main] w.s.c.ServletWebServerApplicationContext : Root WebApplicationContext: initialization completed in 993 ms
14:36:27:310  INFO 47952 --- [main] o.s.c.openfeign.FeignClientFactoryBean   : For 'item-service' URL not provided. Will try picking an instance via load-balancing.
14:36:27:566  INFO 47952 --- [main] o.s.c.openfeign.FeignClientFactoryBean   : For 'cart-service' URL not provided. Will try picking an instance via load-balancing.
14:36:27:965  INFO 47952 --- [main] pertySourcedRequestMappingHandlerMapping : Mapped URL path [/v2/api-docs] onto method [springfox.documentation.swagger2.web.Swagger2ControllerWebMvc#getDocumentation(String, HttpServletRequest)]
14:36:28:223  INFO 47952 --- [main] com.alibaba.nacos.common.remote.client   : [RpcClientFactory] create a new rpc client of 7d72053e-3917-4487-909a-0eb069b898d4
14:36:28:258  INFO 47952 --- [main] org.reflections.Reflections              : Reflections took 17 ms to scan 1 urls, producing 3 keys and 6 values 
14:36:28:276  INFO 47952 --- [main] org.reflections.Reflections              : Reflections took 7 ms to scan 1 urls, producing 4 keys and 9 values 
14:36:28:282  INFO 47952 --- [main] org.reflections.Reflections              : Reflections took 4 ms to scan 1 urls, producing 3 keys and 10 values 
14:36:28:284  WARN 47952 --- [main] org.reflections.Reflections              : given scan urls are empty. set urls in the configuration
14:36:28:290  INFO 47952 --- [main] org.reflections.Reflections              : Reflections took 6 ms to scan 1 urls, producing 1 keys and 5 values 
14:36:28:297  INFO 47952 --- [main] org.reflections.Reflections              : Reflections took 6 ms to scan 1 urls, producing 1 keys and 7 values 
14:36:28:303  INFO 47952 --- [main] org.reflections.Reflections              : Reflections took 5 ms to scan 1 urls, producing 2 keys and 8 values 
14:36:28:305  WARN 47952 --- [main] org.reflections.Reflections              : given scan urls are empty. set urls in the configuration
14:36:28:306  INFO 47952 --- [main] com.alibaba.nacos.common.remote.client   : [7d72053e-3917-4487-909a-0eb069b898d4] RpcClient init label, labels = {module=naming, source=sdk}
14:36:28:307  INFO 47952 --- [main] com.alibaba.nacos.common.remote.client   : [7d72053e-3917-4487-909a-0eb069b898d4] RpcClient init, ServerListFactory = com.alibaba.nacos.client.naming.core.ServerListManager
14:36:28:307  INFO 47952 --- [main] com.alibaba.nacos.common.remote.client   : [7d72053e-3917-4487-909a-0eb069b898d4] Registry connection listener to current client:com.alibaba.nacos.client.naming.remote.gprc.redo.NamingGrpcRedoService
14:36:28:307  INFO 47952 --- [main] com.alibaba.nacos.common.remote.client   : [7d72053e-3917-4487-909a-0eb069b898d4] Register server push request handler:com.alibaba.nacos.client.naming.remote.gprc.NamingPushRequestHandler
14:36:28:308  INFO 47952 --- [main] com.alibaba.nacos.common.remote.client   : [7d72053e-3917-4487-909a-0eb069b898d4] Try to connect to server on start up, server: {serverIp = '192.168.232.136', server main port = 8848}
14:36:29:002  INFO 47952 --- [main] com.alibaba.nacos.common.remote.client   : [7d72053e-3917-4487-909a-0eb069b898d4] Success to connect to server [192.168.232.136:8848] on start up, connectionId = 1729319789290_192.168.232.1_59555
14:36:29:003  INFO 47952 --- [com.alibaba.nacos.client.remote.worker] com.alibaba.nacos.common.remote.client   : [7d72053e-3917-4487-909a-0eb069b898d4] Notify connected event to listeners.
14:36:29:003  INFO 47952 --- [main] com.alibaba.nacos.common.remote.client   : [7d72053e-3917-4487-909a-0eb069b898d4] Register server push request handler:com.alibaba.nacos.common.remote.client.RpcClient$ConnectResetRequestHandler
14:36:29:003  INFO 47952 --- [main] com.alibaba.nacos.common.remote.client   : [7d72053e-3917-4487-909a-0eb069b898d4] Register server push request handler:com.alibaba.nacos.common.remote.client.RpcClient$$Lambda$988/0x000002dab67a3b18
14:36:29:049  INFO 47952 --- [main] o.s.b.w.embedded.tomcat.TomcatWebServer  : Tomcat started on port(s): 8085 (http) with context path ''
14:36:29:057  INFO 47952 --- [main] c.a.c.n.registry.NacosServiceRegistry    : nacos registry, DEFAULT_GROUP trade-service 192.168.214.1:8085 register finished
14:36:29:174  INFO 47952 --- [main] d.s.w.p.DocumentationPluginsBootstrapper : Documentation plugins bootstrapped
14:36:29:176  INFO 47952 --- [main] d.s.w.p.DocumentationPluginsBootstrapper : Found 1 custom documentation plugin(s)
14:36:29:188  INFO 47952 --- [main] s.d.s.w.s.ApiListingReferenceScanner     : Scanning for api listing references
14:36:29:252  INFO 47952 --- [main] com.hmall.trade.TradeApplication         : Started TradeApplication in 3.561 seconds (JVM running for 3.998)
14:36:29:576  INFO 47952 --- [nacos-grpc-client-executor-9] com.alibaba.nacos.common.remote.client   : [7d72053e-3917-4487-909a-0eb069b898d4] Receive server push request, request = NotifySubscriberRequest, requestId = 37
14:36:29:579  INFO 47952 --- [nacos-grpc-client-executor-9] com.alibaba.nacos.common.remote.client   : [7d72053e-3917-4487-909a-0eb069b898d4] Ack server push request, request = NotifySubscriberRequest, requestId = 37
14:46:51:720  WARN 47952 --- [Thread-7] c.a.n.common.http.HttpClientBeanHolder   : [HttpClientBeanHolder] Start destroying common HttpClient
14:46:51:719  WARN 47952 --- [Thread-4] c.a.nacos.common.notify.NotifyCenter     : [NotifyCenter] Start destroying Publisher
14:46:51:723  WARN 47952 --- [Thread-4] c.a.nacos.common.notify.NotifyCenter     : [NotifyCenter] Destruction of the end
14:46:51:726  WARN 47952 --- [Thread-7] c.a.n.common.http.HttpClientBeanHolder   : [HttpClientBeanHolder] Destruction of the end
14:46:51:799  INFO 47952 --- [SpringApplicationShutdownHook] c.a.c.n.registry.NacosServiceRegistry    : De-registering from Nacos Server now...
14:46:51:804  INFO 47952 --- [SpringApplicationShutdownHook] c.a.c.n.registry.NacosServiceRegistry    : De-registration finished.
14:46:52:127  INFO 47952 --- [SpringApplicationShutdownHook] com.alibaba.nacos.common.remote.client   : Shutdown rpc client, set status to shutdown
14:46:52:127  INFO 47952 --- [SpringApplicationShutdownHook] com.alibaba.nacos.common.remote.client   : Shutdown client event executor java.util.concurrent.ScheduledThreadPoolExecutor@429395f7[Running, pool size = 2, active threads = 2, queued tasks = 0, completed tasks = 0]
14:46:52:127  INFO 47952 --- [SpringApplicationShutdownHook] com.alibaba.nacos.common.remote.client   : Close current connection 1729319789290_192.168.232.1_59555
14:46:52:130  INFO 47952 --- [nacos-grpc-client-executor-140] c.a.n.c.remote.client.grpc.GrpcClient    : [1729319789290_192.168.232.1_59555]Ignore complete event,isRunning:false,isAbandon=false
14:46:52:143  INFO 47952 --- [SpringApplicationShutdownHook] c.a.n.c.remote.client.grpc.GrpcClient    : Shutdown grpc executor java.util.concurrent.ThreadPoolExecutor@4953e6d3[Running, pool size = 6, active threads = 0, queued tasks = 0, completed tasks = 141]
14:46:54:792  INFO 46688 --- [main] com.hmall.trade.TradeApplication         : Starting TradeApplication using Java 17.0.8 on VizziniTX3 with PID 46688 (F:\Project03\hmall\trade-service\target\classes started by 10951 in F:\Project03\hmall)
14:46:54:792 DEBUG 46688 --- [main] com.hmall.trade.TradeApplication         : Running with Spring Boot v2.7.12, Spring v5.3.27
14:46:54:793  INFO 46688 --- [main] com.hmall.trade.TradeApplication         : The following 1 profile is active: "local"
14:46:55:441  INFO 46688 --- [main] o.s.cloud.context.scope.GenericScope     : BeanFactory id=7883d704-ff32-3aac-aba7-c23bd4b47995
14:46:55:855  INFO 46688 --- [main] o.s.b.w.embedded.tomcat.TomcatWebServer  : Tomcat initialized with port(s): 8085 (http)
14:46:55:865  INFO 46688 --- [main] o.apache.catalina.core.StandardService   : Starting service [Tomcat]
14:46:55:865  INFO 46688 --- [main] org.apache.catalina.core.StandardEngine  : Starting Servlet engine: [Apache Tomcat/9.0.75]
14:46:55:963  INFO 46688 --- [main] o.a.c.c.C.[Tomcat].[localhost].[/]       : Initializing Spring embedded WebApplicationContext
14:46:55:963  INFO 46688 --- [main] w.s.c.ServletWebServerApplicationContext : Root WebApplicationContext: initialization completed in 1141 ms
14:46:56:099  INFO 46688 --- [main] o.s.c.openfeign.FeignClientFactoryBean   : For 'item-service' URL not provided. Will try picking an instance via load-balancing.
14:46:56:377  INFO 46688 --- [main] o.s.c.openfeign.FeignClientFactoryBean   : For 'cart-service' URL not provided. Will try picking an instance via load-balancing.
14:46:56:821  INFO 46688 --- [main] pertySourcedRequestMappingHandlerMapping : Mapped URL path [/v2/api-docs] onto method [springfox.documentation.swagger2.web.Swagger2ControllerWebMvc#getDocumentation(String, HttpServletRequest)]
14:46:57:118  INFO 46688 --- [main] com.alibaba.nacos.common.remote.client   : [RpcClientFactory] create a new rpc client of 58b77d01-f855-49b9-83b3-34ee5d948917
14:46:57:157  INFO 46688 --- [main] org.reflections.Reflections              : Reflections took 17 ms to scan 1 urls, producing 3 keys and 6 values 
14:46:57:172  INFO 46688 --- [main] org.reflections.Reflections              : Reflections took 6 ms to scan 1 urls, producing 4 keys and 9 values 
14:46:57:178  INFO 46688 --- [main] org.reflections.Reflections              : Reflections took 5 ms to scan 1 urls, producing 3 keys and 10 values 
14:46:57:179  WARN 46688 --- [main] org.reflections.Reflections              : given scan urls are empty. set urls in the configuration
14:46:57:187  INFO 46688 --- [main] org.reflections.Reflections              : Reflections took 8 ms to scan 1 urls, producing 1 keys and 5 values 
14:46:57:193  INFO 46688 --- [main] org.reflections.Reflections              : Reflections took 5 ms to scan 1 urls, producing 1 keys and 7 values 
14:46:57:198  INFO 46688 --- [main] org.reflections.Reflections              : Reflections took 4 ms to scan 1 urls, producing 2 keys and 8 values 
14:46:57:199  WARN 46688 --- [main] org.reflections.Reflections              : given scan urls are empty. set urls in the configuration
14:46:57:199  INFO 46688 --- [main] com.alibaba.nacos.common.remote.client   : [58b77d01-f855-49b9-83b3-34ee5d948917] RpcClient init label, labels = {module=naming, source=sdk}
14:46:57:201  INFO 46688 --- [main] com.alibaba.nacos.common.remote.client   : [58b77d01-f855-49b9-83b3-34ee5d948917] RpcClient init, ServerListFactory = com.alibaba.nacos.client.naming.core.ServerListManager
14:46:57:201  INFO 46688 --- [main] com.alibaba.nacos.common.remote.client   : [58b77d01-f855-49b9-83b3-34ee5d948917] Registry connection listener to current client:com.alibaba.nacos.client.naming.remote.gprc.redo.NamingGrpcRedoService
14:46:57:201  INFO 46688 --- [main] com.alibaba.nacos.common.remote.client   : [58b77d01-f855-49b9-83b3-34ee5d948917] Register server push request handler:com.alibaba.nacos.client.naming.remote.gprc.NamingPushRequestHandler
14:46:57:202  INFO 46688 --- [main] com.alibaba.nacos.common.remote.client   : [58b77d01-f855-49b9-83b3-34ee5d948917] Try to connect to server on start up, server: {serverIp = '192.168.232.136', server main port = 8848}
14:46:57:995  INFO 46688 --- [main] com.alibaba.nacos.common.remote.client   : [58b77d01-f855-49b9-83b3-34ee5d948917] Success to connect to server [192.168.232.136:8848] on start up, connectionId = 1729320418231_192.168.232.1_62957
14:46:57:995  INFO 46688 --- [com.alibaba.nacos.client.remote.worker] com.alibaba.nacos.common.remote.client   : [58b77d01-f855-49b9-83b3-34ee5d948917] Notify connected event to listeners.
14:46:57:996  INFO 46688 --- [main] com.alibaba.nacos.common.remote.client   : [58b77d01-f855-49b9-83b3-34ee5d948917] Register server push request handler:com.alibaba.nacos.common.remote.client.RpcClient$ConnectResetRequestHandler
14:46:57:996  INFO 46688 --- [main] com.alibaba.nacos.common.remote.client   : [58b77d01-f855-49b9-83b3-34ee5d948917] Register server push request handler:com.alibaba.nacos.common.remote.client.RpcClient$$Lambda$988/0x0000018218787cd0
14:46:58:038  INFO 46688 --- [main] o.s.b.w.embedded.tomcat.TomcatWebServer  : Tomcat started on port(s): 8085 (http) with context path ''
14:46:58:045  INFO 46688 --- [main] c.a.c.n.registry.NacosServiceRegistry    : nacos registry, DEFAULT_GROUP trade-service 192.168.214.1:8085 register finished
14:46:58:168  INFO 46688 --- [main] d.s.w.p.DocumentationPluginsBootstrapper : Documentation plugins bootstrapped
14:46:58:169  INFO 46688 --- [main] d.s.w.p.DocumentationPluginsBootstrapper : Found 1 custom documentation plugin(s)
14:46:58:188  INFO 46688 --- [main] s.d.s.w.s.ApiListingReferenceScanner     : Scanning for api listing references
14:46:58:244  INFO 46688 --- [main] com.hmall.trade.TradeApplication         : Started TradeApplication in 3.938 seconds (JVM running for 4.361)
14:46:58:612  INFO 46688 --- [nacos-grpc-client-executor-9] com.alibaba.nacos.common.remote.client   : [58b77d01-f855-49b9-83b3-34ee5d948917] Receive server push request, request = NotifySubscriberRequest, requestId = 43
14:46:58:619  INFO 46688 --- [nacos-grpc-client-executor-9] com.alibaba.nacos.common.remote.client   : [58b77d01-f855-49b9-83b3-34ee5d948917] Ack server push request, request = NotifySubscriberRequest, requestId = 43
14:47:31:388  INFO 46688 --- [http-nio-8085-exec-1] o.a.c.c.C.[Tomcat].[localhost].[/]       : Initializing Spring DispatcherServlet 'dispatcherServlet'
14:47:31:388  INFO 46688 --- [http-nio-8085-exec-1] o.s.web.servlet.DispatcherServlet        : Initializing Servlet 'dispatcherServlet'
14:47:31:389  INFO 46688 --- [http-nio-8085-exec-1] o.s.web.servlet.DispatcherServlet        : Completed initialization in 1 ms
14:48:19:796  INFO 46688 --- [http-nio-8085-exec-9] com.zaxxer.hikari.HikariDataSource       : HikariPool-1 - Starting...
14:48:20:061  INFO 46688 --- [http-nio-8085-exec-9] com.zaxxer.hikari.HikariDataSource       : HikariPool-1 - Start completed.
14:48:20:066 DEBUG 46688 --- [http-nio-8085-exec-9] c.h.trade.mapper.OrderMapper.selectById  : ==>  Preparing: SELECT id,total_fee,payment_type,user_id,status,create_time,pay_time,consign_time,end_time,close_time,comment_time,update_time FROM `order` WHERE id=?
14:48:20:085 DEBUG 46688 --- [http-nio-8085-exec-9] c.h.trade.mapper.OrderMapper.selectById  : ==> Parameters: 1654779387523936258(Long)
14:48:20:107 DEBUG 46688 --- [http-nio-8085-exec-9] c.h.trade.mapper.OrderMapper.selectById  : <==      Total: 1
14:48:25:167 DEBUG 46688 --- [http-nio-8085-exec-2] c.h.trade.mapper.OrderMapper.selectById  : ==>  Preparing: SELECT id,total_fee,payment_type,user_id,status,create_time,pay_time,consign_time,end_time,close_time,comment_time,update_time FROM `order` WHERE id=?
14:48:25:168 DEBUG 46688 --- [http-nio-8085-exec-2] c.h.trade.mapper.OrderMapper.selectById  : ==> Parameters: 1654779387523936258(Long)
14:48:25:169 DEBUG 46688 --- [http-nio-8085-exec-2] c.h.trade.mapper.OrderMapper.selectById  : <==      Total: 1
14:48:26:166 DEBUG 46688 --- [http-nio-8085-exec-1] c.h.trade.mapper.OrderMapper.selectById  : ==>  Preparing: SELECT id,total_fee,payment_type,user_id,status,create_time,pay_time,consign_time,end_time,close_time,comment_time,update_time FROM `order` WHERE id=?
14:48:26:171 DEBUG 46688 --- [http-nio-8085-exec-1] c.h.trade.mapper.OrderMapper.selectById  : ==> Parameters: 1654779387523936258(Long)
14:48:26:174 DEBUG 46688 --- [http-nio-8085-exec-1] c.h.trade.mapper.OrderMapper.selectById  : <==      Total: 1
14:48:26:877 DEBUG 46688 --- [http-nio-8085-exec-10] c.h.trade.mapper.OrderMapper.selectById  : ==>  Preparing: SELECT id,total_fee,payment_type,user_id,status,create_time,pay_time,consign_time,end_time,close_time,comment_time,update_time FROM `order` WHERE id=?
14:48:26:878 DEBUG 46688 --- [http-nio-8085-exec-10] c.h.trade.mapper.OrderMapper.selectById  : ==> Parameters: 1654779387523936258(Long)
14:48:26:879 DEBUG 46688 --- [http-nio-8085-exec-10] c.h.trade.mapper.OrderMapper.selectById  : <==      Total: 1
15:44:20:411  WARN 46688 --- [Thread-7] c.a.n.common.http.HttpClientBeanHolder   : [HttpClientBeanHolder] Start destroying common HttpClient
15:44:20:411  WARN 46688 --- [Thread-4] c.a.nacos.common.notify.NotifyCenter     : [NotifyCenter] Start destroying Publisher
15:44:20:421  WARN 46688 --- [Thread-4] c.a.nacos.common.notify.NotifyCenter     : [NotifyCenter] Destruction of the end
15:44:20:429  WARN 46688 --- [Thread-7] c.a.n.common.http.HttpClientBeanHolder   : [HttpClientBeanHolder] Destruction of the end
15:44:20:579  INFO 46688 --- [SpringApplicationShutdownHook] c.a.c.n.registry.NacosServiceRegistry    : De-registering from Nacos Server now...
15:44:20:589  INFO 46688 --- [SpringApplicationShutdownHook] c.a.c.n.registry.NacosServiceRegistry    : De-registration finished.
15:44:20:915  INFO 46688 --- [SpringApplicationShutdownHook] com.alibaba.nacos.common.remote.client   : Shutdown rpc client, set status to shutdown
15:44:20:916  INFO 46688 --- [SpringApplicationShutdownHook] com.alibaba.nacos.common.remote.client   : Shutdown client event executor java.util.concurrent.ScheduledThreadPoolExecutor@26a1f15e[Running, pool size = 2, active threads = 2, queued tasks = 0, completed tasks = 0]
15:44:20:916  INFO 46688 --- [SpringApplicationShutdownHook] com.alibaba.nacos.common.remote.client   : Close current connection 1729320418231_192.168.232.1_62957
15:44:20:925  INFO 46688 --- [nacos-grpc-client-executor-712] c.a.n.c.remote.client.grpc.GrpcClient    : [1729320418231_192.168.232.1_62957]Ignore complete event,isRunning:false,isAbandon=false
15:44:20:938  INFO 46688 --- [SpringApplicationShutdownHook] c.a.n.c.remote.client.grpc.GrpcClient    : Shutdown grpc executor java.util.concurrent.ThreadPoolExecutor@65992ff9[Running, pool size = 4, active threads = 0, queued tasks = 0, completed tasks = 713]
15:44:20:948  INFO 46688 --- [SpringApplicationShutdownHook] com.zaxxer.hikari.HikariDataSource       : HikariPool-1 - Shutdown initiated...
15:44:20:977  INFO 46688 --- [SpringApplicationShutdownHook] com.zaxxer.hikari.HikariDataSource       : HikariPool-1 - Shutdown completed.
15:45:55:954  INFO 46512 --- [main] com.hmall.trade.TradeApplication         : Starting TradeApplication using Java 17.0.8 on VizziniTX3 with PID 46512 (F:\Project03\hmall\trade-service\target\classes started by 10951 in F:\Project03\hmall)
15:45:55:961 DEBUG 46512 --- [main] com.hmall.trade.TradeApplication         : Running with Spring Boot v2.7.12, Spring v5.3.27
15:45:55:961  INFO 46512 --- [main] com.hmall.trade.TradeApplication         : The following 1 profile is active: "local"
15:45:56:571  INFO 46512 --- [main] o.s.cloud.context.scope.GenericScope     : BeanFactory id=014f9f20-9226-3cf8-9847-c7dc79b9bfae
15:45:56:838  INFO 46512 --- [main] o.s.b.w.embedded.tomcat.TomcatWebServer  : Tomcat initialized with port(s): 8085 (http)
15:45:56:844  INFO 46512 --- [main] o.apache.catalina.core.StandardService   : Starting service [Tomcat]
15:45:56:844  INFO 46512 --- [main] org.apache.catalina.core.StandardEngine  : Starting Servlet engine: [Apache Tomcat/9.0.75]
15:45:56:936  INFO 46512 --- [main] o.a.c.c.C.[Tomcat].[localhost].[/]       : Initializing Spring embedded WebApplicationContext
15:45:56:936  INFO 46512 --- [main] w.s.c.ServletWebServerApplicationContext : Root WebApplicationContext: initialization completed in 945 ms
15:45:57:053  INFO 46512 --- [main] o.s.c.openfeign.FeignClientFactoryBean   : For 'item-service' URL not provided. Will try picking an instance via load-balancing.
15:45:57:294  INFO 46512 --- [main] o.s.c.openfeign.FeignClientFactoryBean   : For 'cart-service' URL not provided. Will try picking an instance via load-balancing.
15:45:57:709  INFO 46512 --- [main] pertySourcedRequestMappingHandlerMapping : Mapped URL path [/v2/api-docs] onto method [springfox.documentation.swagger2.web.Swagger2ControllerWebMvc#getDocumentation(String, HttpServletRequest)]
15:45:58:002  INFO 46512 --- [main] com.alibaba.nacos.common.remote.client   : [RpcClientFactory] create a new rpc client of e8ad523b-b3be-4c0e-9f28-6269b4aed205
15:45:58:044  INFO 46512 --- [main] org.reflections.Reflections              : Reflections took 19 ms to scan 1 urls, producing 3 keys and 6 values 
15:45:58:061  INFO 46512 --- [main] org.reflections.Reflections              : Reflections took 6 ms to scan 1 urls, producing 4 keys and 9 values 
15:45:58:066  INFO 46512 --- [main] org.reflections.Reflections              : Reflections took 4 ms to scan 1 urls, producing 3 keys and 10 values 
15:45:58:068  WARN 46512 --- [main] org.reflections.Reflections              : given scan urls are empty. set urls in the configuration
15:45:58:072  INFO 46512 --- [main] org.reflections.Reflections              : Reflections took 4 ms to scan 1 urls, producing 1 keys and 5 values 
15:45:58:078  INFO 46512 --- [main] org.reflections.Reflections              : Reflections took 4 ms to scan 1 urls, producing 1 keys and 7 values 
15:45:58:083  INFO 46512 --- [main] org.reflections.Reflections              : Reflections took 4 ms to scan 1 urls, producing 2 keys and 8 values 
15:45:58:084  WARN 46512 --- [main] org.reflections.Reflections              : given scan urls are empty. set urls in the configuration
15:45:58:084  INFO 46512 --- [main] com.alibaba.nacos.common.remote.client   : [e8ad523b-b3be-4c0e-9f28-6269b4aed205] RpcClient init label, labels = {module=naming, source=sdk}
15:45:58:086  INFO 46512 --- [main] com.alibaba.nacos.common.remote.client   : [e8ad523b-b3be-4c0e-9f28-6269b4aed205] RpcClient init, ServerListFactory = com.alibaba.nacos.client.naming.core.ServerListManager
15:45:58:087  INFO 46512 --- [main] com.alibaba.nacos.common.remote.client   : [e8ad523b-b3be-4c0e-9f28-6269b4aed205] Registry connection listener to current client:com.alibaba.nacos.client.naming.remote.gprc.redo.NamingGrpcRedoService
15:45:58:087  INFO 46512 --- [main] com.alibaba.nacos.common.remote.client   : [e8ad523b-b3be-4c0e-9f28-6269b4aed205] Register server push request handler:com.alibaba.nacos.client.naming.remote.gprc.NamingPushRequestHandler
15:45:58:088  INFO 46512 --- [main] com.alibaba.nacos.common.remote.client   : [e8ad523b-b3be-4c0e-9f28-6269b4aed205] Try to connect to server on start up, server: {serverIp = '192.168.232.136', server main port = 8848}
15:45:58:826  INFO 46512 --- [main] com.alibaba.nacos.common.remote.client   : [e8ad523b-b3be-4c0e-9f28-6269b4aed205] Success to connect to server [192.168.232.136:8848] on start up, connectionId = 1729323959086_192.168.232.1_55678
15:45:58:826  INFO 46512 --- [com.alibaba.nacos.client.remote.worker] com.alibaba.nacos.common.remote.client   : [e8ad523b-b3be-4c0e-9f28-6269b4aed205] Notify connected event to listeners.
15:45:58:827  INFO 46512 --- [main] com.alibaba.nacos.common.remote.client   : [e8ad523b-b3be-4c0e-9f28-6269b4aed205] Register server push request handler:com.alibaba.nacos.common.remote.client.RpcClient$ConnectResetRequestHandler
15:45:58:827  INFO 46512 --- [main] com.alibaba.nacos.common.remote.client   : [e8ad523b-b3be-4c0e-9f28-6269b4aed205] Register server push request handler:com.alibaba.nacos.common.remote.client.RpcClient$$Lambda$988/0x000001621d77d650
15:45:58:874  INFO 46512 --- [main] o.s.b.w.embedded.tomcat.TomcatWebServer  : Tomcat started on port(s): 8085 (http) with context path ''
15:45:58:883  INFO 46512 --- [main] c.a.c.n.registry.NacosServiceRegistry    : nacos registry, DEFAULT_GROUP trade-service 192.168.214.1:8085 register finished
15:45:59:020  INFO 46512 --- [main] d.s.w.p.DocumentationPluginsBootstrapper : Documentation plugins bootstrapped
15:45:59:022  INFO 46512 --- [main] d.s.w.p.DocumentationPluginsBootstrapper : Found 1 custom documentation plugin(s)
15:45:59:039  INFO 46512 --- [main] s.d.s.w.s.ApiListingReferenceScanner     : Scanning for api listing references
15:45:59:099  INFO 46512 --- [main] com.hmall.trade.TradeApplication         : Started TradeApplication in 3.584 seconds (JVM running for 3.989)
15:45:59:436  INFO 46512 --- [nacos-grpc-client-executor-9] com.alibaba.nacos.common.remote.client   : [e8ad523b-b3be-4c0e-9f28-6269b4aed205] Receive server push request, request = NotifySubscriberRequest, requestId = 45
15:45:59:444  INFO 46512 --- [nacos-grpc-client-executor-9] com.alibaba.nacos.common.remote.client   : [e8ad523b-b3be-4c0e-9f28-6269b4aed205] Ack server push request, request = NotifySubscriberRequest, requestId = 45
15:49:07:313  INFO 46512 --- [http-nio-8085-exec-1] o.a.c.c.C.[Tomcat].[localhost].[/]       : Initializing Spring DispatcherServlet 'dispatcherServlet'
15:49:07:316  INFO 46512 --- [http-nio-8085-exec-1] o.s.web.servlet.DispatcherServlet        : Initializing Servlet 'dispatcherServlet'
15:49:07:346  INFO 46512 --- [http-nio-8085-exec-1] o.s.web.servlet.DispatcherServlet        : Completed initialization in 30 ms
15:49:07:436  INFO 46512 --- [http-nio-8085-exec-1] com.zaxxer.hikari.HikariDataSource       : HikariPool-1 - Starting...
15:49:07:718  INFO 46512 --- [http-nio-8085-exec-1] com.zaxxer.hikari.HikariDataSource       : HikariPool-1 - Start completed.
15:49:07:725 DEBUG 46512 --- [http-nio-8085-exec-1] c.h.trade.mapper.OrderMapper.selectById  : ==>  Preparing: SELECT id,total_fee,payment_type,user_id,status,create_time,pay_time,consign_time,end_time,close_time,comment_time,update_time FROM `order` WHERE id=?
15:49:07:745 DEBUG 46512 --- [http-nio-8085-exec-1] c.h.trade.mapper.OrderMapper.selectById  : ==> Parameters: 1654779387523936258(Long)
15:49:07:766 DEBUG 46512 --- [http-nio-8085-exec-1] c.h.trade.mapper.OrderMapper.selectById  : <==      Total: 1
16:47:09:199  WARN 46512 --- [Thread-7] c.a.n.common.http.HttpClientBeanHolder   : [HttpClientBeanHolder] Start destroying common HttpClient
16:47:09:199  WARN 46512 --- [Thread-4] c.a.nacos.common.notify.NotifyCenter     : [NotifyCenter] Start destroying Publisher
16:47:09:205  WARN 46512 --- [Thread-4] c.a.nacos.common.notify.NotifyCenter     : [NotifyCenter] Destruction of the end
16:47:09:209  WARN 46512 --- [Thread-7] c.a.n.common.http.HttpClientBeanHolder   : [HttpClientBeanHolder] Destruction of the end
16:47:09:369  INFO 46512 --- [SpringApplicationShutdownHook] c.a.c.n.registry.NacosServiceRegistry    : De-registering from Nacos Server now...
16:47:09:380  INFO 46512 --- [SpringApplicationShutdownHook] c.a.c.n.registry.NacosServiceRegistry    : De-registration finished.
16:47:09:702  INFO 46512 --- [SpringApplicationShutdownHook] com.alibaba.nacos.common.remote.client   : Shutdown rpc client, set status to shutdown
16:47:09:702  INFO 46512 --- [SpringApplicationShutdownHook] com.alibaba.nacos.common.remote.client   : Shutdown client event executor java.util.concurrent.ScheduledThreadPoolExecutor@4219d100[Running, pool size = 2, active threads = 2, queued tasks = 0, completed tasks = 0]
16:47:09:702  INFO 46512 --- [SpringApplicationShutdownHook] com.alibaba.nacos.common.remote.client   : Close current connection 1729323959086_192.168.232.1_55678
16:47:09:705  INFO 46512 --- [nacos-grpc-client-executor-766] c.a.n.c.remote.client.grpc.GrpcClient    : [1729323959086_192.168.232.1_55678]Ignore complete event,isRunning:false,isAbandon=false
16:47:09:716  INFO 46512 --- [SpringApplicationShutdownHook] c.a.n.c.remote.client.grpc.GrpcClient    : Shutdown grpc executor java.util.concurrent.ThreadPoolExecutor@51349a8c[Running, pool size = 5, active threads = 0, queued tasks = 0, completed tasks = 767]
16:47:09:724  INFO 46512 --- [SpringApplicationShutdownHook] com.zaxxer.hikari.HikariDataSource       : HikariPool-1 - Shutdown initiated...
16:47:09:752  INFO 46512 --- [SpringApplicationShutdownHook] com.zaxxer.hikari.HikariDataSource       : HikariPool-1 - Shutdown completed.
